Start testing: Sep 02 15:07 IST
----------------------------------------------------------
1/11 Testing: smoke
1/11 Test: smoke
Command: "/Users/tahur/Desktop/postcardDB/postcarddb/build/test_smoke"
Directory: /Users/tahur/Desktop/postcardDB/postcarddb/build
"smoke" start time: Sep 02 15:07 IST
Output:
----------------------------------------------------------
[PC][INF] /Users/tahur/Desktop/postcardDB/postcarddb/tests/test_smoke.c:26: smoke: starting
[PC][WRN] /Users/tahur/Desktop/postcardDB/postcarddb/tests/test_smoke.c:28: smoke: warning example
[PC][ERR] /Users/tahur/Desktop/postcardDB/postcarddb/tests/test_smoke.c:29: smoke: error example
smoke: ok
<end of output>
Test time =   0.45 sec
----------------------------------------------------------
Test Passed.
"smoke" end time: Sep 02 15:08 IST
"smoke" time elapsed: 00:00:00
----------------------------------------------------------

2/11 Testing: ring
2/11 Test: ring
Command: "/Users/tahur/Desktop/postcardDB/postcarddb/build/test_ring"
Directory: /Users/tahur/Desktop/postcardDB/postcarddb/build
"ring" start time: Sep 02 15:08 IST
Output:
----------------------------------------------------------
ring: ok
<end of output>
Test time =   0.27 sec
----------------------------------------------------------
Test Passed.
"ring" end time: Sep 02 15:08 IST
"ring" time elapsed: 00:00:00
----------------------------------------------------------

3/11 Testing: ring_threads
3/11 Test: ring_threads
Command: "/Users/tahur/Desktop/postcardDB/postcarddb/build/test_ring_threads"
Directory: /Users/tahur/Desktop/postcardDB/postcarddb/build
"ring_threads" start time: Sep 02 15:08 IST
Output:
----------------------------------------------------------
ring_threads: ok
<end of output>
Test time =   0.47 sec
----------------------------------------------------------
Test Passed.
"ring_threads" end time: Sep 02 15:08 IST
"ring_threads" time elapsed: 00:00:00
----------------------------------------------------------

4/11 Testing: crc32c
4/11 Test: crc32c
Command: "/Users/tahur/Desktop/postcardDB/postcarddb/build/test_crc32c"
Directory: /Users/tahur/Desktop/postcardDB/postcarddb/build
"crc32c" start time: Sep 02 15:08 IST
Output:
----------------------------------------------------------
crc32c: ok
<end of output>
Test time =   0.31 sec
----------------------------------------------------------
Test Passed.
"crc32c" end time: Sep 02 15:08 IST
"crc32c" time elapsed: 00:00:00
----------------------------------------------------------

5/11 Testing: flash_sim
5/11 Test: flash_sim
Command: "/Users/tahur/Desktop/postcardDB/postcarddb/build/test_flash_sim"
Directory: /Users/tahur/Desktop/postcardDB/postcarddb/build
"flash_sim" start time: Sep 02 15:08 IST
Output:
----------------------------------------------------------
flash_sim: ok
<end of output>
Test time =   0.36 sec
----------------------------------------------------------
Test Passed.
"flash_sim" end time: Sep 02 15:08 IST
"flash_sim" time elapsed: 00:00:00
----------------------------------------------------------

6/11 Testing: logseg
6/11 Test: logseg
Command: "/Users/tahur/Desktop/postcardDB/postcarddb/build/test_logseg"
Directory: /Users/tahur/Desktop/postcardDB/postcarddb/build
"logseg" start time: Sep 02 15:08 IST
Output:
----------------------------------------------------------
diag: hdr.magic=0x50434431 version=1 type=1 seq=42 ts_min=1000 ts_max=2000 rcnt=123 crc=0xAA4B894C
logseg: ok
<end of output>
Test time =   0.27 sec
----------------------------------------------------------
Test Passed.
"logseg" end time: Sep 02 15:08 IST
"logseg" time elapsed: 00:00:00
----------------------------------------------------------

7/11 Testing: recover
7/11 Test: recover
Command: "/Users/tahur/Desktop/postcardDB/postcarddb/build/test_recover"
Directory: /Users/tahur/Desktop/postcardDB/postcarddb/build
"recover" start time: Sep 02 15:08 IST
Output:
----------------------------------------------------------
recover: ok
<end of output>
Test time =   0.27 sec
----------------------------------------------------------
Test Passed.
"recover" end time: Sep 02 15:08 IST
"recover" time elapsed: 00:00:00
----------------------------------------------------------

8/11 Testing: block
8/11 Test: block
Command: "/Users/tahur/Desktop/postcardDB/postcarddb/build/test_block"
Directory: /Users/tahur/Desktop/postcardDB/postcarddb/build
"block" start time: Sep 02 15:08 IST
Output:
----------------------------------------------------------
block: ok
<end of output>
Test time =   0.27 sec
----------------------------------------------------------
Test Passed.
"block" end time: Sep 02 15:08 IST
"block" time elapsed: 00:00:00
----------------------------------------------------------

9/11 Testing: appender
9/11 Test: appender
Command: "/Users/tahur/Desktop/postcardDB/postcarddb/build/test_appender"
Directory: /Users/tahur/Desktop/postcardDB/postcarddb/build
"appender" start time: Sep 02 15:08 IST
Output:
----------------------------------------------------------
appender: ok
<end of output>
Test time =   0.32 sec
----------------------------------------------------------
Test Passed.
"appender" end time: Sep 02 15:08 IST
"appender" time elapsed: 00:00:00
----------------------------------------------------------

10/11 Testing: api
10/11 Test: api
Command: "/Users/tahur/Desktop/postcardDB/postcarddb/build/test_api"
Directory: /Users/tahur/Desktop/postcardDB/postcarddb/build
"api" start time: Sep 02 15:08 IST
Output:
----------------------------------------------------------
api: ok
<end of output>
Test time =   0.27 sec
----------------------------------------------------------
Test Passed.
"api" end time: Sep 02 15:08 IST
"api" time elapsed: 00:00:00
----------------------------------------------------------

11/11 Testing: alloc
11/11 Test: alloc
Command: "/Users/tahur/Desktop/postcardDB/postcarddb/build/test_alloc"
Directory: /Users/tahur/Desktop/postcardDB/postcarddb/build
"alloc" start time: Sep 02 15:08 IST
Output:
----------------------------------------------------------
alloc: ok
<end of output>
Test time =   0.44 sec
----------------------------------------------------------
Test Passed.
"alloc" end time: Sep 02 15:08 IST
"alloc" time elapsed: 00:00:00
----------------------------------------------------------

End testing: Sep 02 15:08 IST
